0 info it worked if it ends with ok
1 verbose cli [ '/usr/bin/nodejs', '/usr/bin/npm', 'install', '@5.0.14' ]
2 info using npm@3.5.2
3 info using node@v4.2.6
4 silly loadCurrentTree Starting
5 silly install loadCurrentTree
6 silly install readLocalPackageData
7 silly fetchPackageMetaData @5.0.14
8 silly fetchOtherPackageData @5.0.14
9 silly cache add args [ '@5.0.14', null ]
10 verbose cache add spec @5.0.14
11 silly cache add parsed spec Result {
11 silly cache add   raw: '@5.0.14',
11 silly cache add   scope: null,
11 silly cache add   name: null,
11 silly cache add   rawSpec: '@5.0.14',
11 silly cache add   spec: '/home/josue/apirestsalud/@5.0.14',
11 silly cache add   type: 'local' }
12 error addLocal Could not install /home/josue/apirestsalud/@5.0.14
13 silly fetchPackageMetaData Error: ENOENT: no such file or directory, open '/home/josue/apirestsalud/@5.0.14'
13 silly fetchPackageMetaData     at Error (native)
13 silly fetchPackageMetaData  error for @5.0.14 { [Error: ENOENT: no such file or directory, open '/home/josue/apirestsalud/@5.0.14']
13 silly fetchPackageMetaData   errno: -2,
13 silly fetchPackageMetaData   code: 'ENOENT',
13 silly fetchPackageMetaData   syscall: 'open',
13 silly fetchPackageMetaData   path: '/home/josue/apirestsalud/@5.0.14' }
14 silly rollbackFailedOptional Starting
15 silly rollbackFailedOptional Finishing
16 silly runTopLevelLifecycles Starting
17 silly runTopLevelLifecycles Finishing
18 silly install printInstalled
19 verbose stack Error: ENOENT: no such file or directory, open '/home/josue/apirestsalud/@5.0.14'
19 verbose stack     at Error (native)
20 verbose cwd /home/josue/apirestsalud
21 error Linux 4.15.0-36-generic
22 error argv "/usr/bin/nodejs" "/usr/bin/npm" "install" "@5.0.14"
23 error node v4.2.6
24 error npm  v3.5.2
25 error path /home/josue/apirestsalud/@5.0.14
26 error code ENOENT
27 error errno -2
28 error syscall open
29 error enoent ENOENT: no such file or directory, open '/home/josue/apirestsalud/@5.0.14'
30 error enoent ENOENT: no such file or directory, open '/home/josue/apirestsalud/@5.0.14'
30 error enoent This is most likely not a problem with npm itself
30 error enoent and is related to npm not being able to find a file.
31 verbose exit [ -2, true ]
